2018-07-25 09:58:37.845  INFO 25416 --- [main] com.cup.worldcup.WorldcupApplication     : Starting WorldcupApplication on Sticker with PID 25416 (D:\tech\application\worldcup-gogs\out\production\classes started by Administrator in D:\tech\application\worldcup-gogs)
2018-07-25 09:58:37.853  INFO 25416 --- [main] com.cup.worldcup.WorldcupApplication     : The following profiles are active: dev
2018-07-25 09:58:38.094  INFO 25416 --- [main] ConfigServletWebServerApplicationContext : Refreshing org.springframework.boot.web.servlet.context.AnnotationConfigServletWebServerApplicationContext@71c27ee8: startup date [Wed Jul 25 09:58:38 CST 2018]; root of context hierarchy
2018-07-25 09:58:39.286  INFO 25416 --- [main] o.s.b.w.embedded.tomcat.TomcatWebServer  : Tomcat initialized with port(s): 8080 (http)
2018-07-25 09:58:39.315  INFO 25416 --- [main] o.apache.catalina.core.StandardService   : Starting service [Tomcat]
2018-07-25 09:58:39.316  INFO 25416 --- [main] org.apache.catalina.core.StandardEngine  : Starting Servlet Engine: Apache Tomcat/8.5.31
2018-07-25 09:58:39.321  INFO 25416 --- [localhost-startStop-1] o.a.catalina.core.AprLifecycleListener   : The APR based Apache Tomcat Native library which allows optimal performance in production environments was not found on the java.library.path: [C:\Program Files\Java\jdk1.8.0_161\bin;C:\WINDOWS\Sun\Java\bin;C:\WINDOWS\system32;C:\WINDOWS;C:\Program Files\Docker\Docker\Resources\bin;C:\ProgramData\Oracle\Java\javapath;C:\WINDOWS\system32;C:\WINDOWS;C:\WINDOWS\System32\Wbem;C:\WINDOWS\System32\WindowsPowerShell\v1.0\;C:\Program Files\Java\jdk1.8.0_161\bin;C:\Users\Work\programming\Git\cmd;C:\Users\Work\programming\Tortoisegit\bin;C:\Users\Work\programming\mysql-5.7.21-winx64\bin;C:\Program Files\Java\jdk1.8.0_161\bin;D:\tech\apache-tomcat-8.5.31\bin;C:\WINDOWS\System32\OpenSSH\;D:\tech\gradle-4.8\bin;;C:\Users\Software\Microsoft VS Code\bin;C:\Users\Work\programming\python\Scripts\;C:\Users\Work\programming\python\;C:\Users\Administrator\AppData\Local\Microsoft\WindowsApps;;C:\Users\Software\Microsoft VS Code\bin;.]
2018-07-25 09:58:39.415  INFO 25416 --- [localhost-startStop-1] o.a.c.c.C.[Tomcat].[localhost].[/]       : Initializing Spring embedded WebApplicationContext
2018-07-25 09:58:39.415  INFO 25416 --- [localhost-startStop-1] o.s.web.context.ContextLoader            : Root WebApplicationContext: initialization completed in 1321 ms
2018-07-25 09:58:39.563  INFO 25416 --- [localhost-startStop-1] o.s.b.w.servlet.ServletRegistrationBean  : Servlet dispatcherServlet mapped to [/]
2018-07-25 09:58:39.568  INFO 25416 --- [localhost-startStop-1] o.s.b.w.servlet.FilterRegistrationBean   : Mapping filter: 'characterEncodingFilter' to: [/*]
2018-07-25 09:58:39.569  INFO 25416 --- [localhost-startStop-1] o.s.b.w.servlet.FilterRegistrationBean   : Mapping filter: 'hiddenHttpMethodFilter' to: [/*]
2018-07-25 09:58:39.569  INFO 25416 --- [localhost-startStop-1] o.s.b.w.servlet.FilterRegistrationBean   : Mapping filter: 'httpPutFormContentFilter' to: [/*]
2018-07-25 09:58:39.569  INFO 25416 --- [localhost-startStop-1] o.s.b.w.servlet.FilterRegistrationBean   : Mapping filter: 'requestContextFilter' to: [/*]
2018-07-25 09:58:39.569  INFO 25416 --- [localhost-startStop-1] o.s.b.w.servlet.FilterRegistrationBean   : Mapping filter: 'basicWebFilter' to: [/*]
2018-07-25 09:58:40.016  INFO 25416 --- [main] o.s.w.s.handler.SimpleUrlHandlerMapping  : Mapped URL path [/**/favicon.ico] onto handler of type [class org.springframework.web.servlet.resource.ResourceHttpRequestHandler]
2018-07-25 09:58:40.232  INFO 25416 --- [main] s.w.s.m.m.a.RequestMappingHandlerAdapter : Looking for @ControllerAdvice: org.springframework.boot.web.servlet.context.AnnotationConfigServletWebServerApplicationContext@71c27ee8: startup date [Wed Jul 25 09:58:38 CST 2018]; root of context hierarchy
2018-07-25 09:58:40.317  INFO 25416 --- [main] s.w.s.m.m.a.RequestMappingHandlerMapping : Mapped "{[/breakwall/verifyCode],methods=[POST]}" onto public java.lang.String com.cup.worldcup.controller.breakwall.BreakWallController.verifyCode(javax.servlet.http.HttpServletRequest,org.springframework.ui.Model)
2018-07-25 09:58:40.319  INFO 25416 --- [main] s.w.s.m.m.a.RequestMappingHandlerMapping : Mapped "{[/breakwall/myCode],methods=[GET]}" onto public java.lang.String com.cup.worldcup.controller.breakwall.BreakWallController.myCode(javax.servlet.http.HttpServletRequest)
2018-07-25 09:58:40.320  INFO 25416 --- [main] s.w.s.m.m.a.RequestMappingHandlerMapping : Mapped "{[/breakwall],methods=[GET]}" onto public java.lang.String com.cup.worldcup.controller.breakwall.BreakWallController.breakwall()
2018-07-25 09:58:40.321  INFO 25416 --- [main] s.w.s.m.m.a.RequestMappingHandlerMapping : Mapped "{[/charConvert],methods=[GET]}" onto public java.lang.String com.cup.worldcup.controller.charconvert.CharConvertController.charConver()
2018-07-25 09:58:40.322  INFO 25416 --- [main] s.w.s.m.m.a.RequestMappingHandlerMapping : Mapped "{[/encryp],methods=[GET]}" onto public java.lang.String com.cup.worldcup.controller.encryption.EncryptionController.encryp(org.springframework.ui.Model)
2018-07-25 09:58:40.327  INFO 25416 --- [main] s.w.s.m.m.a.RequestMappingHandlerMapping : Mapped "{[/encrypSub],methods=[POST]}" onto public java.lang.String com.cup.worldcup.controller.encryption.EncryptionController.encrypSub(java.lang.String,java.lang.String,java.lang.Integer,org.springframework.ui.ModelMap)
2018-07-25 09:58:40.330  INFO 25416 --- [main] s.w.s.m.m.a.RequestMappingHandlerMapping : Mapped "{[/ || ],methods=[GET]}" onto public java.lang.String com.cup.worldcup.controller.IndexController.index()
2018-07-25 09:58:40.333  INFO 25416 --- [main] s.w.s.m.m.a.RequestMappingHandlerMapping : Mapped "{[/login/findPassNext],methods=[POST]}" onto public java.lang.String com.cup.worldcup.controller.loginuser.LoginController.findPassNext(javax.servlet.http.HttpServletRequest)
2018-07-25 09:58:40.334  INFO 25416 --- [main] s.w.s.m.m.a.RequestMappingHandlerMapping : Mapped "{[/logout],methods=[GET]}" onto public java.lang.String com.cup.worldcup.controller.loginuser.LoginController.logout(javax.servlet.http.HttpServletRequest)
2018-07-25 09:58:40.334  INFO 25416 --- [main] s.w.s.m.m.a.RequestMappingHandlerMapping : Mapped "{[/loginSub],methods=[POST]}" onto public java.lang.String com.cup.worldcup.controller.loginuser.LoginController.loginSub(java.lang.String,java.lang.String,javax.servlet.http.HttpServletRequest,javax.servlet.http.HttpServletResponse,org.springframework.ui.Model)
2018-07-25 09:58:40.335  INFO 25416 --- [main] s.w.s.m.m.a.RequestMappingHandlerMapping : Mapped "{[/login/findPassNextTwo],methods=[POST]}" onto public java.lang.String com.cup.worldcup.controller.loginuser.LoginController.findPassNextTwo(javax.servlet.http.HttpServletRequest)
2018-07-25 09:58:40.335  INFO 25416 --- [main] s.w.s.m.m.a.RequestMappingHandlerMapping : Mapped "{[/login/findPass],methods=[GET]}" onto public java.lang.String com.cup.worldcup.controller.loginuser.LoginController.findPass()
2018-07-25 09:58:40.335  INFO 25416 --- [main] s.w.s.m.m.a.RequestMappingHandlerMapping : Mapped "{[/login/findPassSub],methods=[POST]}" onto public java.lang.String com.cup.worldcup.controller.loginuser.LoginController.findPassSub(javax.servlet.http.HttpServletRequest)
2018-07-25 09:58:40.336  INFO 25416 --- [main] s.w.s.m.m.a.RequestMappingHandlerMapping : Mapped "{[/login],methods=[GET]}" onto public java.lang.String com.cup.worldcup.controller.loginuser.LoginController.login(javax.servlet.http.HttpServletRequest,org.springframework.ui.Model)
2018-07-25 09:58:40.337  INFO 25416 --- [main] s.w.s.m.m.a.RequestMappingHandlerMapping : Mapped "{[/user/info],methods=[GET]}" onto public java.lang.String com.cup.worldcup.controller.loginuser.LoginUserController.info()
2018-07-25 09:58:40.338  INFO 25416 --- [main] s.w.s.m.m.a.RequestMappingHandlerMapping : Mapped "{[/user/updatePass],methods=[GET]}" onto public java.lang.String com.cup.worldcup.controller.loginuser.LoginUserController.updatePass()
2018-07-25 09:58:40.339  INFO 25416 --- [main] s.w.s.m.m.a.RequestMappingHandlerMapping : Mapped "{[/user/updatePassSub],methods=[POST]}" onto public void com.cup.worldcup.controller.loginuser.LoginUserController.updatePassSub(javax.servlet.http.HttpServletRequest,javax.servlet.http.HttpServletResponse)
2018-07-25 09:58:40.341  INFO 25416 --- [main] s.w.s.m.m.a.RequestMappingHandlerMapping : Mapped "{[/registry/verify],methods=[POST]}" onto public int com.cup.worldcup.controller.loginuser.RegistryController.verify(java.lang.String)
2018-07-25 09:58:40.342  INFO 25416 --- [main] s.w.s.m.m.a.RequestMappingHandlerMapping : Mapped "{[/registry],methods=[GET]}" onto public java.lang.String com.cup.worldcup.controller.loginuser.RegistryController.registry()
2018-07-25 09:58:40.344  INFO 25416 --- [main] s.w.s.m.m.a.RequestMappingHandlerMapping : Mapped "{[/registrySub],methods=[POST]}" onto public java.lang.String com.cup.worldcup.controller.loginuser.RegistryController.registrySub(com.cup.worldcup.entity.LoginUser,org.springframework.ui.Model)
2018-07-25 09:58:40.346  INFO 25416 --- [main] s.w.s.m.m.a.RequestMappingHandlerMapping : Mapped "{[/markdown/expHtml],methods=[POST]}" onto public void com.cup.worldcup.controller.markdown.MarkdownController.expHtml(javax.servlet.http.HttpServletRequest,javax.servlet.http.HttpServletResponse)
2018-07-25 09:58:40.346  INFO 25416 --- [main] s.w.s.m.m.a.RequestMappingHandlerMapping : Mapped "{[/markdown],methods=[GET]}" onto public java.lang.String com.cup.worldcup.controller.markdown.MarkdownController.markdown()
2018-07-25 09:58:40.347  INFO 25416 --- [main] s.w.s.m.m.a.RequestMappingHandlerMapping : Mapped "{[/pick],methods=[GET]}" onto public java.lang.String com.cup.worldcup.controller.worldcup.CountryPickController.pickPage()
2018-07-25 09:58:40.347  INFO 25416 --- [main] s.w.s.m.m.a.RequestMappingHandlerMapping : Mapped "{[/prediction],methods=[GET]}" onto public java.lang.String com.cup.worldcup.controller.worldcup.CountryPickController.prediction()
2018-07-25 09:58:40.351  INFO 25416 --- [main] s.w.s.m.m.a.RequestMappingHandlerMapping : Mapped "{[/error]}" onto public org.springframework.http.ResponseEntity<java.util.Map<java.lang.String, java.lang.Object>> org.springframework.boot.autoconfigure.web.servlet.error.BasicErrorController.error(javax.servlet.http.HttpServletRequest)
2018-07-25 09:58:40.352  INFO 25416 --- [main] s.w.s.m.m.a.RequestMappingHandlerMapping : Mapped "{[/error],produces=[text/html]}" onto public org.springframework.web.servlet.ModelAndView org.springframework.boot.autoconfigure.web.servlet.error.BasicErrorController.errorHtml(javax.servlet.http.HttpServletRequest,javax.servlet.http.HttpServletResponse)
2018-07-25 09:58:40.388  INFO 25416 --- [main] o.s.w.s.handler.SimpleUrlHandlerMapping  : Mapped URL path [/webjars/**] onto handler of type [class org.springframework.web.servlet.resource.ResourceHttpRequestHandler]
2018-07-25 09:58:40.388  INFO 25416 --- [main] o.s.w.s.handler.SimpleUrlHandlerMapping  : Mapped URL path [/static/**] onto handler of type [class org.springframework.web.servlet.resource.ResourceHttpRequestHandler]
2018-07-25 09:58:40.406  INFO 25416 --- [main] .m.m.a.ExceptionHandlerExceptionResolver : Detected @ExceptionHandler methods in globalExceptionAdvice
2018-07-25 09:58:40.830  INFO 25416 --- [main] o.s.b.a.w.s.WelcomePageHandlerMapping    : Adding welcome page template: index
2018-07-25 09:58:41.046  INFO 25416 --- [main] o.s.j.e.a.AnnotationMBeanExporter        : Registering beans for JMX exposure on startup
2018-07-25 09:58:41.047  INFO 25416 --- [main] o.s.j.e.a.AnnotationMBeanExporter        : Bean with name 'dataSource' has been autodetected for JMX exposure
2018-07-25 09:58:41.053  INFO 25416 --- [main] o.s.j.e.a.AnnotationMBeanExporter        : Located MBean 'dataSource': registering with JMX server as MBean [com.zaxxer.hikari:name=dataSource,type=HikariDataSource]
2018-07-25 09:58:41.099  INFO 25416 --- [main] o.s.b.w.embedded.tomcat.TomcatWebServer  : Tomcat started on port(s): 8080 (http) with context path ''
2018-07-25 09:58:41.103  INFO 25416 --- [main] com.cup.worldcup.WorldcupApplication     : Started WorldcupApplication in 3.781 seconds (JVM running for 5.281)
2018-07-25 09:59:15.106  INFO 25416 --- [http-nio-8080-exec-1] o.a.c.c.C.[Tomcat].[localhost].[/]       : Initializing Spring FrameworkServlet 'dispatcherServlet'
2018-07-25 09:59:15.106  INFO 25416 --- [http-nio-8080-exec-1] o.s.web.servlet.DispatcherServlet        : FrameworkServlet 'dispatcherServlet': initialization started
2018-07-25 09:59:15.128  INFO 25416 --- [http-nio-8080-exec-1] o.s.web.servlet.DispatcherServlet        : FrameworkServlet 'dispatcherServlet': initialization completed in 22 ms
2018-07-25 10:51:58.711  INFO 17468 --- [main] com.cup.worldcup.WorldcupApplication     : Starting WorldcupApplication on Sticker with PID 17468 (D:\tech\application\worldcup-gogs\out\production\classes started by Administrator in D:\tech\application\worldcup-gogs)
2018-07-25 10:51:58.715  INFO 17468 --- [main] com.cup.worldcup.WorldcupApplication     : The following profiles are active: dev
2018-07-25 10:51:59.044  INFO 17468 --- [main] ConfigServletWebServerApplicationContext : Refreshing org.springframework.boot.web.servlet.context.AnnotationConfigServletWebServerApplicationContext@a4add54: startup date [Wed Jul 25 10:51:59 CST 2018]; root of context hierarchy
2018-07-25 10:52:00.820  INFO 17468 --- [main] o.s.b.w.embedded.tomcat.TomcatWebServer  : Tomcat initialized with port(s): 8080 (http)
2018-07-25 10:52:00.841  INFO 17468 --- [main] o.apache.catalina.core.StandardService   : Starting service [Tomcat]
2018-07-25 10:52:00.842  INFO 17468 --- [main] org.apache.catalina.core.StandardEngine  : Starting Servlet Engine: Apache Tomcat/8.5.31
2018-07-25 10:52:00.846  INFO 17468 --- [localhost-startStop-1] o.a.catalina.core.AprLifecycleListener   : The APR based Apache Tomcat Native library which allows optimal performance in production environments was not found on the java.library.path: [C:\Program Files\Java\jdk1.8.0_161\bin;C:\WINDOWS\Sun\Java\bin;C:\WINDOWS\system32;C:\WINDOWS;C:\Program Files\Docker\Docker\Resources\bin;C:\ProgramData\Oracle\Java\javapath;C:\WINDOWS\system32;C:\WINDOWS;C:\WINDOWS\System32\Wbem;C:\WINDOWS\System32\WindowsPowerShell\v1.0\;C:\Program Files\Java\jdk1.8.0_161\bin;C:\Users\Work\programming\Git\cmd;C:\Users\Work\programming\Tortoisegit\bin;C:\Users\Work\programming\mysql-5.7.21-winx64\bin;C:\Program Files\Java\jdk1.8.0_161\bin;D:\tech\apache-tomcat-8.5.31\bin;C:\WINDOWS\System32\OpenSSH\;D:\tech\gradle-4.8\bin;;C:\Users\Software\Microsoft VS Code\bin;C:\Users\Work\programming\python\Scripts\;C:\Users\Work\programming\python\;C:\Users\Administrator\AppData\Local\Microsoft\WindowsApps;;C:\Users\Software\Microsoft VS Code\bin;.]
2018-07-25 10:52:00.937  INFO 17468 --- [localhost-startStop-1] o.a.c.c.C.[Tomcat].[localhost].[/]       : Initializing Spring embedded WebApplicationContext
2018-07-25 10:52:00.938  INFO 17468 --- [localhost-startStop-1] o.s.web.context.ContextLoader            : Root WebApplicationContext: initialization completed in 1894 ms
2018-07-25 10:52:01.076  INFO 17468 --- [localhost-startStop-1] o.s.b.w.servlet.ServletRegistrationBean  : Servlet dispatcherServlet mapped to [/]
2018-07-25 10:52:01.081  INFO 17468 --- [localhost-startStop-1] o.s.b.w.servlet.FilterRegistrationBean   : Mapping filter: 'characterEncodingFilter' to: [/*]
2018-07-25 10:52:01.081  INFO 17468 --- [localhost-startStop-1] o.s.b.w.servlet.FilterRegistrationBean   : Mapping filter: 'hiddenHttpMethodFilter' to: [/*]
2018-07-25 10:52:01.081  INFO 17468 --- [localhost-startStop-1] o.s.b.w.servlet.FilterRegistrationBean   : Mapping filter: 'httpPutFormContentFilter' to: [/*]
2018-07-25 10:52:01.082  INFO 17468 --- [localhost-startStop-1] o.s.b.w.servlet.FilterRegistrationBean   : Mapping filter: 'requestContextFilter' to: [/*]
2018-07-25 10:52:01.082  INFO 17468 --- [localhost-startStop-1] o.s.b.w.servlet.FilterRegistrationBean   : Mapping filter: 'basicWebFilter' to: [/*]
2018-07-25 10:52:01.527  INFO 17468 --- [main] o.s.w.s.handler.SimpleUrlHandlerMapping  : Mapped URL path [/**/favicon.ico] onto handler of type [class org.springframework.web.servlet.resource.ResourceHttpRequestHandler]
2018-07-25 10:52:01.765  INFO 17468 --- [main] s.w.s.m.m.a.RequestMappingHandlerAdapter : Looking for @ControllerAdvice: org.springframework.boot.web.servlet.context.AnnotationConfigServletWebServerApplicationContext@a4add54: startup date [Wed Jul 25 10:51:59 CST 2018]; root of context hierarchy
2018-07-25 10:52:01.823  INFO 17468 --- [main] s.w.s.m.m.a.RequestMappingHandlerMapping : Mapped "{[/breakwall/myCode],methods=[GET]}" onto public java.lang.String com.cup.worldcup.controller.breakwall.BreakWallController.myCode(javax.servlet.http.HttpServletRequest)
2018-07-25 10:52:01.824  INFO 17468 --- [main] s.w.s.m.m.a.RequestMappingHandlerMapping : Mapped "{[/breakwall],methods=[GET]}" onto public java.lang.String com.cup.worldcup.controller.breakwall.BreakWallController.breakwall()
2018-07-25 10:52:01.824  INFO 17468 --- [main] s.w.s.m.m.a.RequestMappingHandlerMapping : Mapped "{[/breakwall/verifyCode],methods=[POST]}" onto public java.lang.String com.cup.worldcup.controller.breakwall.BreakWallController.verifyCode(javax.servlet.http.HttpServletRequest,org.springframework.ui.Model)
2018-07-25 10:52:01.825  INFO 17468 --- [main] s.w.s.m.m.a.RequestMappingHandlerMapping : Mapped "{[/charConvert],methods=[GET]}" onto public java.lang.String com.cup.worldcup.controller.charconvert.CharConvertController.charConver()
2018-07-25 10:52:01.825  INFO 17468 --- [main] s.w.s.m.m.a.RequestMappingHandlerMapping : Mapped "{[/encrypSub],methods=[POST]}" onto public java.lang.String com.cup.worldcup.controller.encryption.EncryptionController.encrypSub(java.lang.String,java.lang.String,java.lang.Integer,org.springframework.ui.ModelMap)
2018-07-25 10:52:01.825  INFO 17468 --- [main] s.w.s.m.m.a.RequestMappingHandlerMapping : Mapped "{[/encryp],methods=[GET]}" onto public java.lang.String com.cup.worldcup.controller.encryption.EncryptionController.encryp(org.springframework.ui.Model)
2018-07-25 10:52:01.826  INFO 17468 --- [main] s.w.s.m.m.a.RequestMappingHandlerMapping : Mapped "{[/ || ],methods=[GET]}" onto public java.lang.String com.cup.worldcup.controller.IndexController.index()
2018-07-25 10:52:01.827  INFO 17468 --- [main] s.w.s.m.m.a.RequestMappingHandlerMapping : Mapped "{[/login],methods=[GET]}" onto public java.lang.String com.cup.worldcup.controller.loginuser.LoginController.login(javax.servlet.http.HttpServletRequest,org.springframework.ui.Model)
2018-07-25 10:52:01.827  INFO 17468 --- [main] s.w.s.m.m.a.RequestMappingHandlerMapping : Mapped "{[/loginSub],methods=[POST]}" onto public java.lang.String com.cup.worldcup.controller.loginuser.LoginController.loginSub(java.lang.String,java.lang.String,javax.servlet.http.HttpServletRequest,javax.servlet.http.HttpServletResponse,org.springframework.ui.Model)
2018-07-25 10:52:01.827  INFO 17468 --- [main] s.w.s.m.m.a.RequestMappingHandlerMapping : Mapped "{[/login/findPassNext],methods=[POST]}" onto public java.lang.String com.cup.worldcup.controller.loginuser.LoginController.findPassNext(javax.servlet.http.HttpServletRequest)
2018-07-25 10:52:01.827  INFO 17468 --- [main] s.w.s.m.m.a.RequestMappingHandlerMapping : Mapped "{[/logout],methods=[GET]}" onto public java.lang.String com.cup.worldcup.controller.loginuser.LoginController.logout(javax.servlet.http.HttpServletRequest)
2018-07-25 10:52:01.828  INFO 17468 --- [main] s.w.s.m.m.a.RequestMappingHandlerMapping : Mapped "{[/login/findPassNextTwo],methods=[POST]}" onto public java.lang.String com.cup.worldcup.controller.loginuser.LoginController.findPassNextTwo(javax.servlet.http.HttpServletRequest)
2018-07-25 10:52:01.828  INFO 17468 --- [main] s.w.s.m.m.a.RequestMappingHandlerMapping : Mapped "{[/login/findPassSub],methods=[POST]}" onto public java.lang.String com.cup.worldcup.controller.loginuser.LoginController.findPassSub(javax.servlet.http.HttpServletRequest)
2018-07-25 10:52:01.828  INFO 17468 --- [main] s.w.s.m.m.a.RequestMappingHandlerMapping : Mapped "{[/login/findPass],methods=[GET]}" onto public java.lang.String com.cup.worldcup.controller.loginuser.LoginController.findPass()
2018-07-25 10:52:01.829  INFO 17468 --- [main] s.w.s.m.m.a.RequestMappingHandlerMapping : Mapped "{[/user/info],methods=[GET]}" onto public java.lang.String com.cup.worldcup.controller.loginuser.LoginUserController.info()
2018-07-25 10:52:01.829  INFO 17468 --- [main] s.w.s.m.m.a.RequestMappingHandlerMapping : Mapped "{[/user/updatePass],methods=[GET]}" onto public java.lang.String com.cup.worldcup.controller.loginuser.LoginUserController.updatePass()
2018-07-25 10:52:01.829  INFO 17468 --- [main] s.w.s.m.m.a.RequestMappingHandlerMapping : Mapped "{[/user/updatePassSub],methods=[POST]}" onto public void com.cup.worldcup.controller.loginuser.LoginUserController.updatePassSub(javax.servlet.http.HttpServletRequest,javax.servlet.http.HttpServletResponse)
2018-07-25 10:52:01.830  INFO 17468 --- [main] s.w.s.m.m.a.RequestMappingHandlerMapping : Mapped "{[/registry/verify],methods=[POST]}" onto public int com.cup.worldcup.controller.loginuser.RegistryController.verify(java.lang.String)
2018-07-25 10:52:01.830  INFO 17468 --- [main] s.w.s.m.m.a.RequestMappingHandlerMapping : Mapped "{[/registry],methods=[GET]}" onto public java.lang.String com.cup.worldcup.controller.loginuser.RegistryController.registry()
2018-07-25 10:52:01.830  INFO 17468 --- [main] s.w.s.m.m.a.RequestMappingHandlerMapping : Mapped "{[/registrySub],methods=[POST]}" onto public java.lang.String com.cup.worldcup.controller.loginuser.RegistryController.registrySub(com.cup.worldcup.entity.LoginUser,org.springframework.ui.Model)
2018-07-25 10:52:01.831  INFO 17468 --- [main] s.w.s.m.m.a.RequestMappingHandlerMapping : Mapped "{[/markdown],methods=[GET]}" onto public java.lang.String com.cup.worldcup.controller.markdown.MarkdownController.markdown()
2018-07-25 10:52:01.831  INFO 17468 --- [main] s.w.s.m.m.a.RequestMappingHandlerMapping : Mapped "{[/markdown/expHtml],methods=[POST]}" onto public void com.cup.worldcup.controller.markdown.MarkdownController.expHtml(javax.servlet.http.HttpServletRequest,javax.servlet.http.HttpServletResponse)
2018-07-25 10:52:01.831  INFO 17468 --- [main] s.w.s.m.m.a.RequestMappingHandlerMapping : Mapped "{[/pick],methods=[GET]}" onto public java.lang.String com.cup.worldcup.controller.worldcup.CountryPickController.pickPage()
2018-07-25 10:52:01.832  INFO 17468 --- [main] s.w.s.m.m.a.RequestMappingHandlerMapping : Mapped "{[/prediction],methods=[GET]}" onto public java.lang.String com.cup.worldcup.controller.worldcup.CountryPickController.prediction()
2018-07-25 10:52:01.834  INFO 17468 --- [main] s.w.s.m.m.a.RequestMappingHandlerMapping : Mapped "{[/error]}" onto public org.springframework.http.ResponseEntity<java.util.Map<java.lang.String, java.lang.Object>> org.springframework.boot.autoconfigure.web.servlet.error.BasicErrorController.error(javax.servlet.http.HttpServletRequest)
2018-07-25 10:52:01.834  INFO 17468 --- [main] s.w.s.m.m.a.RequestMappingHandlerMapping : Mapped "{[/error],produces=[text/html]}" onto public org.springframework.web.servlet.ModelAndView org.springframework.boot.autoconfigure.web.servlet.error.BasicErrorController.errorHtml(javax.servlet.http.HttpServletRequest,javax.servlet.http.HttpServletResponse)
2018-07-25 10:52:01.861  INFO 17468 --- [main] o.s.w.s.handler.SimpleUrlHandlerMapping  : Mapped URL path [/webjars/**] onto handler of type [class org.springframework.web.servlet.resource.ResourceHttpRequestHandler]
2018-07-25 10:52:01.861  INFO 17468 --- [main] o.s.w.s.handler.SimpleUrlHandlerMapping  : Mapped URL path [/static/**] onto handler of type [class org.springframework.web.servlet.resource.ResourceHttpRequestHandler]
2018-07-25 10:52:01.875  INFO 17468 --- [main] .m.m.a.ExceptionHandlerExceptionResolver : Detected @ExceptionHandler methods in globalExceptionAdvice
2018-07-25 10:52:02.158  INFO 17468 --- [main] o.s.b.a.w.s.WelcomePageHandlerMapping    : Adding welcome page template: index
2018-07-25 10:52:02.379  INFO 17468 --- [main] o.s.j.e.a.AnnotationMBeanExporter        : Registering beans for JMX exposure on startup
2018-07-25 10:52:02.380  INFO 17468 --- [main] o.s.j.e.a.AnnotationMBeanExporter        : Bean with name 'dataSource' has been autodetected for JMX exposure
2018-07-25 10:52:02.386  INFO 17468 --- [main] o.s.j.e.a.AnnotationMBeanExporter        : Located MBean 'dataSource': registering with JMX server as MBean [com.zaxxer.hikari:name=dataSource,type=HikariDataSource]
2018-07-25 10:52:02.435  INFO 17468 --- [main] o.s.b.w.embedded.tomcat.TomcatWebServer  : Tomcat started on port(s): 8080 (http) with context path ''
2018-07-25 10:52:02.439  INFO 17468 --- [main] com.cup.worldcup.WorldcupApplication     : Started WorldcupApplication in 4.256 seconds (JVM running for 5.705)
